[main f44eedb] wip
 37 files changed, 6522 insertions(+), 168 deletions(-)
 create mode 100644 NSE_project/013_base_transform.html
 create mode 100644 NSE_project/013_base_transform.qmd
 create mode 100644 NSE_project/013_base_transform_files/libs/bootstrap/bootstrap-icons.css
 create mode 100644 NSE_project/013_base_transform_files/libs/bootstrap/bootstrap-icons.woff
 create mode 100644 NSE_project/013_base_transform_files/libs/bootstrap/bootstrap.min.css
 create mode 100644 NSE_project/013_base_transform_files/libs/bootstrap/bootstrap.min.js
 create mode 100644 NSE_project/013_base_transform_files/libs/clipboard/clipboard.min.js
 create mode 100644 NSE_project/013_base_transform_files/libs/quarto-html/anchor.min.js
 create mode 100644 NSE_project/013_base_transform_files/libs/quarto-html/popper.min.js
 create mode 100644 NSE_project/013_base_transform_files/libs/quarto-html/quarto-syntax-highlighting.css
 create mode 100644 NSE_project/013_base_transform_files/libs/quarto-html/quarto.js
 create mode 100644 NSE_project/013_base_transform_files/libs/quarto-html/tippy.css
 create mode 100644 NSE_project/013_base_transform_files/libs/quarto-html/tippy.umd.min.js
 create mode 100644 NSE_project/022_data_masking.qmd
 create mode 100644 STATS/01021_binomial_to_poisson.qmd
 delete mode 100644 STATS/01030_poisson_distribution.Rmd
 create mode 100644 STATS/01030_poisson_distribution.html
 create mode 100644 STATS/01030_poisson_distribution.qmd
 create mode 100644 STATS/01030_poisson_distribution_files/figure-html/dpois-1.png
 create mode 100644 STATS/01030_poisson_distribution_files/figure-html/unnamed-chunk-1-1.png
 create mode 100644 STATS/01030_poisson_distribution_files/figure-html/unnamed-chunk-1-2.png
 create mode 100644 STATS/01030_poisson_distribution_files/figure-html/unnamed-chunk-2-1.png
 create mode 100644 STATS/01030_poisson_distribution_files/figure-html/unnamed-chunk-2-2.png
 create mode 100644 STATS/01030_poisson_distribution_files/figure-html/unnamed-chunk-2-3.png
 create mode 100644 STATS/01030_poisson_distribution_files/libs/bootstrap/bootstrap-icons.css
 create mode 100644 STATS/01030_poisson_distribution_files/libs/bootstrap/bootstrap-icons.woff
 create mode 100644 STATS/01030_poisson_distribution_files/libs/bootstrap/bootstrap.min.css
 create mode 100644 STATS/01030_poisson_distribution_files/libs/bootstrap/bootstrap.min.js
 create mode 100644 STATS/01030_poisson_distribution_files/libs/clipboard/clipboard.min.js
 create mode 100644 STATS/01030_poisson_distribution_files/libs/quarto-html/anchor.min.js
 create mode 100644 STATS/01030_poisson_distribution_files/libs/quarto-html/popper.min.js
 create mode 100644 STATS/01030_poisson_distribution_files/libs/quarto-html/quarto-syntax-highlighting.css
 create mode 100644 STATS/01030_poisson_distribution_files/libs/quarto-html/quarto.js
 create mode 100644 STATS/01030_poisson_distribution_files/libs/quarto-html/tippy.css
 create mode 100644 STATS/01030_poisson_distribution_files/libs/quarto-html/tippy.umd.min.js
 create mode 100644 TIDYVERSE/001_dplyr_glimpse.qmd
[main 92cd759] wip
 1 file changed, 38 insertions(+)
 create mode 100644 git_log.log
[main 6f3d2f2] wip
 1 file changed, 3 insertions(+)
