This is pdfTeX, Version 3.14159265-2.6-1.40.21 (TeX Live 2020) (preloaded format=pdflatex 2020.12.28)  28 DEC 2020 17:18
entering extended mode
 restricted \write18 enabled.
 %&-line parsing enabled.
**rmd/kidney.tex
(./rmd/kidney.tex
LaTeX2e <2020-10-01> patch level 2
L3 programming layer <2020-12-07> xparse <2020-03-03>
! Undefined control sequence.
l.1 \hypertarget
                {homejimdocumentsmedicalkidney_glossary.md}{% 
Here is how much of TeX's memory you used:
 17 strings out of 481330
 390 string characters out of 5917938
 262197 words of memory out of 5000000
 16978 multiletter control sequences out of 15000+600000
 403430 words of font info for 27 fonts, out of 8000000 for 9000
 14 hyphenation exceptions out of 8191
 13i,0n,15p,103b,10s stack positions out of 5000i,500n,10000p,200000b,80000s

!  ==> Fatal error occurred, no output PDF file produced!
